\BOOKMARK [1][-]{section.1}{\376\377\000G\000i\036\333\000i\000\040\000t\000h\000i\036\307\000u}{}% 1
\BOOKMARK [1][-]{section.2}{\376\377\000M\000\364\000i\000\040\000t\000r\001\260\036\335\000n\000g\000\040\000v\000\340\000\040\000c\000\341\000c\000h\000\040\000c\000h\036\241\000y\000\040\000c\000h\001\260\001\241\000n\000g\000\040\000t\000r\000\354\000n\000h}{}% 2
\BOOKMARK [2][-]{subsection.2.1}{\376\377\000M\000\364\000i\000\040\000t\000r\001\260\036\335\000n\000g\000\040\000W\000S\000L\000\040\000v\000\340\000\040\000c\000\341\000c\000\040\000g\000\363\000i\000\040\000p\000h\036\345\000\040\000t\000h\000u\036\331\000c}{section.2}% 3
\BOOKMARK [2][-]{subsection.2.2}{\376\377\000C\000\341\000c\000h\000\040\000b\000u\000i\000l\000d}{section.2}% 4
\BOOKMARK [2][-]{subsection.2.3}{\376\377\000C\000\341\000c\000h\000\040\000c\000h\036\241\000y\000\040\000c\000h\001\260\001\241\000n\000g\000\040\000t\000r\000\354\000n\000h}{section.2}% 5
\BOOKMARK [1][-]{section.3}{\376\377\000T\000h\000i\036\277\000t\000\040\000k\036\277\000\040\000c\000h\001\260\001\241\000n\000g\000\040\000t\000r\000\354\000n\000h}{}% 6
\BOOKMARK [2][-]{subsection.3.1}{\376\377\000C\036\245\000u\000\040\000t\000r\000\372\000c\000\040\000t\000h\001\260\000\040\000m\036\345\000c}{section.3}% 7
\BOOKMARK [2][-]{subsection.3.2}{\376\377\000C\001\241\000\040\000c\000h\036\277\000\040\000c\000h\036\315\000n\000\040\000t\000h\000u\036\255\000t\000\040\000t\000o\000\341\000n}{section.3}% 8
\BOOKMARK [1][-]{section.4}{\376\377\000C\000\341\000c\000\040\000t\000h\000u\036\255\000t\000\040\000t\000o\000\341\000n\000\040\000x\036\355\000\040\000l\000\375\000\040\036\243\000n\000h}{}% 9
\BOOKMARK [2][-]{subsection.4.1}{\376\377\000C\000h\000u\000y\036\303\000n\000\040\036\243\000n\000h\000\040\000m\000\340\000u\000\040\000s\000a\000n\000g\000\040\000x\000\341\000m\000\040\000\050\000r\000g\000b\0002\000g\000r\000a\000y\000\051}{section.4}% 10
\BOOKMARK [2][-]{subsection.4.2}{\376\377\000C\000h\036\311\000n\000h\000\040\001\021\036\331\000\040\000s\000\341\000n\000g\000\040\000\050\000b\000r\000i\000g\000h\000t\000n\000e\000s\000s\000\051}{section.4}% 11
\BOOKMARK [2][-]{subsection.4.3}{\376\377\000C\000h\036\311\000n\000h\000\040\001\021\036\331\000\040\000t\001\260\001\241\000n\000g\000\040\000p\000h\036\243\000n\000\040\000\050\000c\000o\000n\000t\000r\000a\000s\000t\000\051}{section.4}% 12
\BOOKMARK [2][-]{subsection.4.4}{\376\377\000L\036\315\000c\000\040\000t\000r\000u\000n\000g\000\040\000b\000\354\000n\000h\000\040\000\050\000a\000v\000g\000\051}{section.4}% 13
\BOOKMARK [2][-]{subsection.4.5}{\376\377\000L\036\315\000c\000\040\000t\000r\000u\000n\000g\000\040\000v\036\313\000\040\000\050\000m\000e\000d\000\051}{section.4}% 14
\BOOKMARK [2][-]{subsection.4.6}{\376\377\000L\036\315\000c\000\040\000G\000a\000u\000s\000s\000\040\000\050\000g\000a\000u\000\051}{section.4}% 15
\BOOKMARK [2][-]{subsection.4.7}{\376\377\000P\000h\000\341\000t\000\040\000h\000i\036\307\000n\000\040\000b\000i\000\352\000n\000\040\000S\000o\000b\000e\000l\000\040\000\050\000s\000o\000b\000e\000l\000\051}{section.4}% 16
\BOOKMARK [2][-]{subsection.4.8}{\376\377\000P\000h\000\341\000t\000\040\000h\000i\036\307\000n\000\040\000b\000i\000\352\000n\000\040\000L\000a\000p\000l\000a\000c\000e\000\040\000\050\000l\000a\000p\000l\000a\000c\000e\000\051}{section.4}% 17
\BOOKMARK [2][-]{subsection.4.9}{\376\377\000P\000h\000\341\000t\000\040\000h\000i\036\307\000n\000\040\000b\000i\000\352\000n\000\040\000L\000a\000p\000l\000a\000c\000e\000\040\000\050\000l\000a\000p\000l\000a\000c\000e\000\051}{section.4}% 18
\BOOKMARK [1][-]{section.5}{\376\377\000K\036\277\000t\000\040\000q\000u\036\243\000\040\000t\000h\036\361\000c\000\040\000n\000g\000h\000i\036\307\000m}{}% 19
\BOOKMARK [2][-]{subsection.5.1}{\376\377\000C\000h\000u\000y\036\303\000n\000\040\000x\000\341\000m\000\040\000v\000\340\000\040\000l\000\340\000m\000\040\000m\036\335}{section.5}% 20
\BOOKMARK [2][-]{subsection.5.2}{\376\377\036\242\000n\000h\000\040\000h\001\260\036\337\000n\000g\000\040\000c\036\347\000a\000\040\001\021\036\331\000\040\000s\000\341\000n\000g\000\040\000v\000\340\000\040\000t\001\260\001\241\000n\000g\000\040\000p\000h\036\243\000n}{section.5}% 21
\BOOKMARK [2][-]{subsection.5.3}{\376\377\000L\036\315\000c\000\040\000t\000r\000u\000n\000g\000\040\000b\000\354\000n\000h\000,\000\040\000t\000r\000u\000n\000g\000\040\000v\036\313\000\040\000v\000\340\000\040\000G\000a\000u\000s\000s}{section.5}% 22
\BOOKMARK [2][-]{subsection.5.4}{\376\377\000P\000h\000\341\000t\000\040\000h\000i\036\307\000n\000\040\000b\000i\000\352\000n\000\040\000S\000o\000b\000e\000l\000\040\000v\000\340\000\040\000L\000a\000p\000l\000a\000c\000e}{section.5}% 23
\BOOKMARK [1][-]{section.6}{\376\377\000K\036\277\000t\000\040\000l\000u\036\255\000n}{}% 24
